Using pre-set license
Built from '2020.3/staging' branch; Version is '2020.3.3f1 (76626098c1c4) revision 7758432'; Using compiler version '192528614'; Build Type 'Release'
OS: 'Windows 10 Education; OS build 18363.1440; Version 1909; 64bit' Language: 'en' Physical Memory: 8140 MB
BatchMode: 1, IsHumanControllingUs: 0, StartBugReporterOnCrash: 0, Is64bit: 1, IsPro: 0

 COMMAND LINE ARGUMENTS:
F:\Program Files\Unity Hub\2020.3.3f1\Editor\Unity.exe
-adb2
-batchMode
-noUpm
-name
AssetImportWorker0
-projectPath
C:/Users/Thomas/Desktop/Level/Level
-logFile
Logs/AssetImportWorker0.log
-srvPort
54092
Successfully changed project path to: C:/Users/Thomas/Desktop/Level/Level
C:/Users/Thomas/Desktop/Level/Level
Using Asset Import Pipeline V2.
Refreshing native plugins compatible for Editor in 87.48 ms, found 2 plugins.
Preloading 0 native plugins for Editor in 0.00 ms.
Initialize engine version: 2020.3.3f1 (76626098c1c4)
[Subsystems] Discovering subsystems at path F:/Program Files/Unity Hub/2020.3.3f1/Editor/Data/Resources/UnitySubsystems
[Subsystems] Discovering subsystems at path C:/Users/Thomas/Desktop/Level/Level/Assets
GfxDevice: creating device client; threaded=0
Direct3D:
    Version:  Direct3D 11.0 [level 11.1]
    Renderer: Radeon RX 580 Series (ID=0x67df)
    Vendor:   
    VRAM:     8171 MB
    Driver:   27.20.1034.6
Initialize mono
Mono path[0] = 'F:/Program Files/Unity Hub/2020.3.3f1/Editor/Data/Managed'
Mono path[1] = 'F:/Program Files/Unity Hub/2020.3.3f1/Editor/Data/MonoBleedingEdge/lib/mono/unityjit'
Mono config path = 'F:/Program Files/Unity Hub/2020.3.3f1/Editor/Data/MonoBleedingEdge/etc'
Using monoOptions --debugger-agent=transport=dt_socket,embedding=1,server=y,suspend=n,address=127.0.0.1:56536
Begin MonoManager ReloadAssembly
Registering precompiled unity dll's ...
Register platform support module: F:/Program Files/Unity Hub/2020.3.3f1/Editor/Data/PlaybackEngines/WebGLSupport/UnityEditor.WebGL.Extensions.dll
Register platform support module: F:/Program Files/Unity Hub/2020.3.3f1/Editor/Data/PlaybackEngines/WindowsStandaloneSupport/UnityEditor.WindowsStandalone.Extensions.dll
Registered in 0.003114 seconds.
Native extension for WindowsStandalone target not found
Native extension for WebGL target not found
Refreshing native plugins compatible for Editor in 86.01 ms, found 2 plugins.
Preloading 0 native plugins for Editor in 0.00 ms.
Invoked RoslynAnalysisRunner static constructor.
RoslynAnalysisRunner will not be running.
RoslynAnalysisRunner has terminated.
Mono: successfully reloaded assembly
- Completed reload, in  1.120 seconds
Platform modules already initialized, skipping
Registering precompiled user dll's ...
Registered in 0.002219 seconds.
Begin MonoManager ReloadAssembly
Native extension for WindowsStandalone target not found
Native extension for WebGL target not found
Refreshing native plugins compatible for Editor in 85.32 ms, found 2 plugins.
Preloading 0 native plugins for Editor in 0.00 ms.
Invoked RoslynAnalysisRunner static constructor.
RoslynAnalysisRunner will not be running.
RoslynAnalysisRunner has terminated.
Mono: successfully reloaded assembly
- Completed reload, in  0.923 seconds
Platform modules already initialized, skipping
========================================================================
Worker process is ready to serve import requests
Launched and connected shader compiler UnityShaderCompiler.exe after 0.04 seconds
Refreshing native plugins compatible for Editor in 0.74 ms, found 2 plugins.
Preloading 0 native plugins for Editor in 0.00 ms.
Unloading 3363 Unused Serialized files (Serialized files now loaded: 0)
System memory in use before: 137.9 MB.
System memory in use after: 138.0 MB.

Unloading 29 unused Assets to reduce memory usage. Loaded Objects now: 3822.
Total: 2.228300 ms (FindLiveObjects: 0.373400 ms CreateObjectMapping: 0.096000 ms MarkObjects: 1.635700 ms  DeleteObjects: 0.122100 ms)

========================================================================
Received Import Request.
  path: Assets/Mobs/Script 1/EnemyMovement.cs
  artifactKey: Guid(bfe8e17516a9b754498b3a80f04b9376) Importer(815301076,1909f56bfc062723c751e8b465ee728b)
Start importing Assets/Mobs/Script 1/EnemyMovement.cs using Guid(bfe8e17516a9b754498b3a80f04b9376) Importer(815301076,1909f56bfc062723c751e8b465ee728b)  -> (artifact id: '8d03dd1577cf6c7616d937a5ee4d6a09') in 0.018171 seconds
  Import took 0.022933 seconds .

========================================================================
Received Import Request.
  Time since last request: 0.805826 seconds.
  path: Assets/Mobs/Script 1/WayPoint.cs
  artifactKey: Guid(0a4a5ff0eb72d154a8266eb25fc3133b) Importer(815301076,1909f56bfc062723c751e8b465ee728b)
Start importing Assets/Mobs/Script 1/WayPoint.cs using Guid(0a4a5ff0eb72d154a8266eb25fc3133b) Importer(815301076,1909f56bfc062723c751e8b465ee728b)  -> (artifact id: '22e5a44df474edcf7051483b3786766f') in 0.001559 seconds
  Import took 0.006547 seconds .

========================================================================
Received Import Request.
  Time since last request: 1.510742 seconds.
  path: Assets/Mobs/Script 1/WaveSpawn.cs
  artifactKey: Guid(1b6440023f1b82f439950482804036d0) Importer(815301076,1909f56bfc062723c751e8b465ee728b)
Start importing Assets/Mobs/Script 1/WaveSpawn.cs using Guid(1b6440023f1b82f439950482804036d0) Importer(815301076,1909f56bfc062723c751e8b465ee728b)  -> (artifact id: '35c51bc9e3128ef73fe4f97b1a8284c4') in 0.001368 seconds
  Import took 0.006445 seconds .

========================================================================
Received Import Request.
  Time since last request: 0.000626 seconds.
  path: Assets/Mobs/Script 1/WaveSpawn.cs
  artifactKey: Guid(1b6440023f1b82f439950482804036d0) Importer(815301076,1909f56bfc062723c751e8b465ee728b)
Start importing Assets/Mobs/Script 1/WaveSpawn.cs using Guid(1b6440023f1b82f439950482804036d0) Importer(815301076,1909f56bfc062723c751e8b465ee728b)  -> (artifact id: '35c51bc9e3128ef73fe4f97b1a8284c4') in 0.001234 seconds
  Import took 0.005563 seconds .

========================================================================
Received Prepare
Registering precompiled user dll's ...
Registered in 0.002558 seconds.
Begin MonoManager ReloadAssembly
Native extension for WindowsStandalone target not found
Native extension for WebGL target not found
Refreshing native plugins compatible for Editor in 0.79 ms, found 2 plugins.
Preloading 0 native plugins for Editor in 0.00 ms.
Invoked RoslynAnalysisRunner static constructor.
RoslynAnalysisRunner will not be running.
RoslynAnalysisRunner has terminated.
Mono: successfully reloaded assembly
- Completed reload, in  0.793 seconds
Platform modules already initialized, skipping
Refreshing native plugins compatible for Editor in 0.75 ms, found 2 plugins.
Preloading 0 native plugins for Editor in 0.00 ms.
Unloading 3358 Unused Serialized files (Serialized files now loaded: 0)
System memory in use before: 137.9 MB.
System memory in use after: 138.0 MB.

Unloading 17 unused Assets to reduce memory usage. Loaded Objects now: 3826.
Total: 2.411500 ms (FindLiveObjects: 0.372700 ms CreateObjectMapping: 0.084600 ms MarkObjects: 1.826800 ms  DeleteObjects: 0.126700 ms)

========================================================================
Received Import Request.
  Time since last request: 220.606521 seconds.
  path: Assets/Mobs/Script 1/WaveSpawn.cs
  artifactKey: Guid(1b6440023f1b82f439950482804036d0) Importer(815301076,1909f56bfc062723c751e8b465ee728b)
Start importing Assets/Mobs/Script 1/WaveSpawn.cs using Guid(1b6440023f1b82f439950482804036d0) Importer(815301076,1909f56bfc062723c751e8b465ee728b)  -> (artifact id: 'c7d643332fa71810f6e9f4332cba543b') in 0.005786 seconds
  Import took 0.010819 seconds .

========================================================================
Received Prepare
Registering precompiled user dll's ...
Registered in 0.002299 seconds.
Begin MonoManager ReloadAssembly
Native extension for WindowsStandalone target not found
Native extension for WebGL target not found
Refreshing native plugins compatible for Editor in 0.85 ms, found 2 plugins.
Preloading 0 native plugins for Editor in 0.00 ms.
Invoked RoslynAnalysisRunner static constructor.
RoslynAnalysisRunner will not be running.
RoslynAnalysisRunner has terminated.
Mono: successfully reloaded assembly
- Completed reload, in  0.858 seconds
Platform modules already initialized, skipping
Refreshing native plugins compatible for Editor in 0.92 ms, found 2 plugins.
Preloading 0 native plugins for Editor in 0.00 ms.
Unloading 3358 Unused Serialized files (Serialized files now loaded: 0)
System memory in use before: 138.0 MB.
System memory in use after: 138.1 MB.

Unloading 17 unused Assets to reduce memory usage. Loaded Objects now: 3830.
Total: 2.636600 ms (FindLiveObjects: 0.437900 ms CreateObjectMapping: 0.104100 ms MarkObjects: 1.981400 ms  DeleteObjects: 0.112400 ms)

========================================================================
Received Prepare
Registering precompiled user dll's ...
Registered in 0.002530 seconds.
Begin MonoManager ReloadAssembly
Native extension for WindowsStandalone target not found
Native extension for WebGL target not found
Refreshing native plugins compatible for Editor in 0.79 ms, found 2 plugins.
Preloading 0 native plugins for Editor in 0.00 ms.
Invoked RoslynAnalysisRunner static constructor.
RoslynAnalysisRunner will not be running.
RoslynAnalysisRunner has terminated.
Mono: successfully reloaded assembly
- Completed reload, in  0.768 seconds
Platform modules already initialized, skipping
Refreshing native plugins compatible for Editor in 0.75 ms, found 2 plugins.
Preloading 0 native plugins for Editor in 0.00 ms.
Unloading 3358 Unused Serialized files (Serialized files now loaded: 0)
System memory in use before: 138.0 MB.
System memory in use after: 138.1 MB.

Unloading 17 unused Assets to reduce memory usage. Loaded Objects now: 3834.
Total: 2.494200 ms (FindLiveObjects: 0.357500 ms CreateObjectMapping: 0.087200 ms MarkObjects: 1.917500 ms  DeleteObjects: 0.131100 ms)

========================================================================
Received Prepare
Registering precompiled user dll's ...
Registered in 0.002556 seconds.
Begin MonoManager ReloadAssembly
Native extension for WindowsStandalone target not found
Native extension for WebGL target not found
Refreshing native plugins compatible for Editor in 0.97 ms, found 2 plugins.
Preloading 0 native plugins for Editor in 0.00 ms.
Invoked RoslynAnalysisRunner static constructor.
RoslynAnalysisRunner will not be running.
RoslynAnalysisRunner has terminated.
Mono: successfully reloaded assembly
- Completed reload, in  0.879 seconds
Platform modules already initialized, skipping
Refreshing native plugins compatible for Editor in 0.88 ms, found 2 plugins.
Preloading 0 native plugins for Editor in 0.00 ms.
Unloading 3358 Unused Serialized files (Serialized files now loaded: 0)
System memory in use before: 138.0 MB.
System memory in use after: 138.1 MB.

Unloading 17 unused Assets to reduce memory usage. Loaded Objects now: 3838.
Total: 2.474200 ms (FindLiveObjects: 0.459900 ms CreateObjectMapping: 0.095600 ms MarkObjects: 1.778600 ms  DeleteObjects: 0.138600 ms)

========================================================================
Received Prepare
Registering precompiled user dll's ...
Registered in 0.002885 seconds.
Begin MonoManager ReloadAssembly
Native extension for WindowsStandalone target not found
Native extension for WebGL target not found
Refreshing native plugins compatible for Editor in 0.89 ms, found 2 plugins.
Preloading 0 native plugins for Editor in 0.00 ms.
Invoked RoslynAnalysisRunner static constructor.
RoslynAnalysisRunner will not be running.
RoslynAnalysisRunner has terminated.
Mono: successfully reloaded assembly
- Completed reload, in  0.907 seconds
Platform modules already initialized, skipping
Refreshing native plugins compatible for Editor in 0.86 ms, found 2 plugins.
Preloading 0 native plugins for Editor in 0.00 ms.
Unloading 3358 Unused Serialized files (Serialized files now loaded: 0)
System memory in use before: 138.0 MB.
System memory in use after: 138.1 MB.

Unloading 17 unused Assets to reduce memory usage. Loaded Objects now: 3842.
Total: 2.633700 ms (FindLiveObjects: 0.453600 ms CreateObjectMapping: 0.089800 ms MarkObjects: 1.966200 ms  DeleteObjects: 0.123200 ms)

========================================================================
Received Import Request.
  Time since last request: 491.189794 seconds.
  path: Assets/Mobs/Script 1/WaveSpawn.cs
  artifactKey: Guid(1b6440023f1b82f439950482804036d0) Importer(815301076,1909f56bfc062723c751e8b465ee728b)
Start importing Assets/Mobs/Script 1/WaveSpawn.cs using Guid(1b6440023f1b82f439950482804036d0) Importer(815301076,1909f56bfc062723c751e8b465ee728b)  -> (artifact id: '7f13224ff940cd3c5466ec00f0184574') in 0.006011 seconds
  Import took 0.011694 seconds .

========================================================================
Received Import Request.
  Time since last request: 0.014083 seconds.
  path: Assets/Mobs/Script 1/WaveSpawn.cs
  artifactKey: Guid(1b6440023f1b82f439950482804036d0) Importer(815301076,1909f56bfc062723c751e8b465ee728b)
Start importing Assets/Mobs/Script 1/WaveSpawn.cs using Guid(1b6440023f1b82f439950482804036d0) Importer(815301076,1909f56bfc062723c751e8b465ee728b)  -> (artifact id: '7f13224ff940cd3c5466ec00f0184574') in 0.001324 seconds
  Import took 0.005077 seconds .

========================================================================
Received Import Request.
  Time since last request: 241.240195 seconds.
  path: Assets/Mobs/Script 1/WaveSpawn.cs
  artifactKey: Guid(1b6440023f1b82f439950482804036d0) Importer(815301076,1909f56bfc062723c751e8b465ee728b)
Start importing Assets/Mobs/Script 1/WaveSpawn.cs using Guid(1b6440023f1b82f439950482804036d0) Importer(815301076,1909f56bfc062723c751e8b465ee728b)  -> (artifact id: 'ccb1671d670eb0101ab45cf7b4c62e7e') in 0.001714 seconds
  Import took 0.007411 seconds .

========================================================================
Received Import Request.
  Time since last request: 21.778227 seconds.
  path: Assets/Mobs/Script 1/WaveSpawn.cs
  artifactKey: Guid(1b6440023f1b82f439950482804036d0) Importer(815301076,1909f56bfc062723c751e8b465ee728b)
Start importing Assets/Mobs/Script 1/WaveSpawn.cs using Guid(1b6440023f1b82f439950482804036d0) Importer(815301076,1909f56bfc062723c751e8b465ee728b)  -> (artifact id: 'c9abf8e87b4c587305639cfdfe796ace') in 0.001369 seconds
  Import took 0.006704 seconds .

========================================================================
Received Import Request.
  Time since last request: 0.012159 seconds.
  path: Assets/Mobs/Script 1/WaveSpawn.cs
  artifactKey: Guid(1b6440023f1b82f439950482804036d0) Importer(815301076,1909f56bfc062723c751e8b465ee728b)
Start importing Assets/Mobs/Script 1/WaveSpawn.cs using Guid(1b6440023f1b82f439950482804036d0) Importer(815301076,1909f56bfc062723c751e8b465ee728b)  -> (artifact id: 'c9abf8e87b4c587305639cfdfe796ace') in 0.001532 seconds
  Import took 0.006419 seconds .

========================================================================
Received Import Request.
  Time since last request: 25.713536 seconds.
  path: Assets/Mobs/Script 1/WaveSpawn.cs
  artifactKey: Guid(1b6440023f1b82f439950482804036d0) Importer(815301076,1909f56bfc062723c751e8b465ee728b)
Start importing Assets/Mobs/Script 1/WaveSpawn.cs using Guid(1b6440023f1b82f439950482804036d0) Importer(815301076,1909f56bfc062723c751e8b465ee728b)  -> (artifact id: '1c321c7636945384956af559cd90b0e2') in 0.001288 seconds
  Import took 0.005938 seconds .

========================================================================
Received Prepare
Registering precompiled user dll's ...
Registered in 0.002477 seconds.
Begin MonoManager ReloadAssembly
Native extension for WindowsStandalone target not found
Native extension for WebGL target not found
Refreshing native plugins compatible for Editor in 0.77 ms, found 2 plugins.
Preloading 0 native plugins for Editor in 0.00 ms.
Invoked RoslynAnalysisRunner static constructor.
RoslynAnalysisRunner will not be running.
RoslynAnalysisRunner has terminated.
Mono: successfully reloaded assembly
- Completed reload, in  0.780 seconds
Platform modules already initialized, skipping
Refreshing native plugins compatible for Editor in 0.76 ms, found 2 plugins.
Preloading 0 native plugins for Editor in 0.00 ms.
Unloading 3358 Unused Serialized files (Serialized files now loaded: 0)
System memory in use before: 138.1 MB.
System memory in use after: 138.2 MB.

Unloading 17 unused Assets to reduce memory usage. Loaded Objects now: 3846.
Total: 2.371500 ms (FindLiveObjects: 0.348900 ms CreateObjectMapping: 0.096600 ms MarkObjects: 1.802400 ms  DeleteObjects: 0.122500 ms)

========================================================================
Received Prepare
Registering precompiled user dll's ...
Registered in 0.002361 seconds.
Begin MonoManager ReloadAssembly
Native extension for WindowsStandalone target not found
Native extension for WebGL target not found
Refreshing native plugins compatible for Editor in 0.80 ms, found 2 plugins.
Preloading 0 native plugins for Editor in 0.00 ms.
Invoked RoslynAnalysisRunner static constructor.
RoslynAnalysisRunner will not be running.
RoslynAnalysisRunner has terminated.
Mono: successfully reloaded assembly
- Completed reload, in  0.770 seconds
Platform modules already initialized, skipping
Refreshing native plugins compatible for Editor in 0.75 ms, found 2 plugins.
Preloading 0 native plugins for Editor in 0.00 ms.
Unloading 3358 Unused Serialized files (Serialized files now loaded: 0)
System memory in use before: 138.1 MB.
System memory in use after: 138.2 MB.

Unloading 17 unused Assets to reduce memory usage. Loaded Objects now: 3850.
Total: 2.423700 ms (FindLiveObjects: 0.355200 ms CreateObjectMapping: 0.095700 ms MarkObjects: 1.851800 ms  DeleteObjects: 0.120100 ms)

========================================================================
Received Import Request.
  Time since last request: 94.323579 seconds.
  path: Assets/Mobs/Cell 1.prefab
  artifactKey: Guid(520462459d773754a824ca8d80b7c6db) Importer(815301076,1909f56bfc062723c751e8b465ee728b)
Start importing Assets/Mobs/Cell 1.prefab using Guid(520462459d773754a824ca8d80b7c6db) Importer(815301076,1909f56bfc062723c751e8b465ee728b)  -> (artifact id: '93b5987180f6d3b169c4bcdf63a4f8dc') in 0.081533 seconds
  Import took 0.087053 seconds .

========================================================================
Received Prepare
Registering precompiled user dll's ...
Registered in 0.002338 seconds.
Begin MonoManager ReloadAssembly
Native extension for WindowsStandalone target not found
Native extension for WebGL target not found
Refreshing native plugins compatible for Editor in 0.80 ms, found 2 plugins.
Preloading 0 native plugins for Editor in 0.00 ms.
Invoked RoslynAnalysisRunner static constructor.
RoslynAnalysisRunner will not be running.
RoslynAnalysisRunner has terminated.
Mono: successfully reloaded assembly
- Completed reload, in  0.769 seconds
Platform modules already initialized, skipping
Refreshing native plugins compatible for Editor in 0.75 ms, found 2 plugins.
Preloading 0 native plugins for Editor in 0.00 ms.
Unloading 3358 Unused Serialized files (Serialized files now loaded: 0)
System memory in use before: 141.0 MB.
System memory in use after: 141.1 MB.

Unloading 17 unused Assets to reduce memory usage. Loaded Objects now: 3861.
Total: 2.443000 ms (FindLiveObjects: 0.362800 ms CreateObjectMapping: 0.097200 ms MarkObjects: 1.863100 ms  DeleteObjects: 0.118600 ms)

========================================================================
Received Import Request.
  Time since last request: 41.492320 seconds.
  path: Assets/Mobs/Script 1/WaveSpawn.cs
  artifactKey: Guid(1b6440023f1b82f439950482804036d0) Importer(815301076,1909f56bfc062723c751e8b465ee728b)
Start importing Assets/Mobs/Script 1/WaveSpawn.cs using Guid(1b6440023f1b82f439950482804036d0) Importer(815301076,1909f56bfc062723c751e8b465ee728b)  -> (artifact id: '522350e62042b01047c50da64226a651') in 0.005200 seconds
  Import took 0.010056 seconds .

========================================================================
Received Prepare
Registering precompiled user dll's ...
Registered in 0.002488 seconds.
Begin MonoManager ReloadAssembly
Native extension for WindowsStandalone target not found
Native extension for WebGL target not found
Refreshing native plugins compatible for Editor in 0.79 ms, found 2 plugins.
Preloading 0 native plugins for Editor in 0.00 ms.
Invoked RoslynAnalysisRunner static constructor.
RoslynAnalysisRunner will not be running.
RoslynAnalysisRunner has terminated.
Mono: successfully reloaded assembly
- Completed reload, in  0.784 seconds
Platform modules already initialized, skipping
Refreshing native plugins compatible for Editor in 0.77 ms, found 2 plugins.
Preloading 0 native plugins for Editor in 0.00 ms.
Unloading 3358 Unused Serialized files (Serialized files now loaded: 0)
System memory in use before: 141.1 MB.
System memory in use after: 141.2 MB.

Unloading 17 unused Assets to reduce memory usage. Loaded Objects now: 3865.
Total: 2.369400 ms (FindLiveObjects: 0.343600 ms CreateObjectMapping: 0.096700 ms MarkObjects: 1.813600 ms  DeleteObjects: 0.114700 ms)

========================================================================
Received Import Request.
  Time since last request: 12.028744 seconds.
  path: Assets/Mobs/Script 1/WaveSpawn.cs
  artifactKey: Guid(1b6440023f1b82f439950482804036d0) Importer(815301076,1909f56bfc062723c751e8b465ee728b)
Start importing Assets/Mobs/Script 1/WaveSpawn.cs using Guid(1b6440023f1b82f439950482804036d0) Importer(815301076,1909f56bfc062723c751e8b465ee728b)  -> (artifact id: '9b68a5e600bc85016d08ce4371ec85a9') in 0.005442 seconds
  Import took 0.010846 seconds .

========================================================================
Received Import Request.
  Time since last request: 0.024644 seconds.
  path: Assets/Mobs/Script 1/WaveSpawn.cs
  artifactKey: Guid(1b6440023f1b82f439950482804036d0) Importer(815301076,1909f56bfc062723c751e8b465ee728b)
Start importing Assets/Mobs/Script 1/WaveSpawn.cs using Guid(1b6440023f1b82f439950482804036d0) Importer(815301076,1909f56bfc062723c751e8b465ee728b)  -> (artifact id: '9b68a5e600bc85016d08ce4371ec85a9') in 0.001232 seconds
  Import took 0.004692 seconds .

========================================================================
Received Prepare
Registering precompiled user dll's ...
Registered in 0.002419 seconds.
Begin MonoManager ReloadAssembly
Native extension for WindowsStandalone target not found
Native extension for WebGL target not found
Refreshing native plugins compatible for Editor in 0.90 ms, found 2 plugins.
Preloading 0 native plugins for Editor in 0.00 ms.
Invoked RoslynAnalysisRunner static constructor.
RoslynAnalysisRunner will not be running.
RoslynAnalysisRunner has terminated.
Mono: successfully reloaded assembly
- Completed reload, in  0.773 seconds
Platform modules already initialized, skipping
Refreshing native plugins compatible for Editor in 0.79 ms, found 2 plugins.
Preloading 0 native plugins for Editor in 0.00 ms.
Unloading 3358 Unused Serialized files (Serialized files now loaded: 0)
System memory in use before: 141.1 MB.
System memory in use after: 141.2 MB.

Unloading 17 unused Assets to reduce memory usage. Loaded Objects now: 3869.
Total: 2.654200 ms (FindLiveObjects: 0.443300 ms CreateObjectMapping: 0.091900 ms MarkObjects: 1.981200 ms  DeleteObjects: 0.136700 ms)

========================================================================
Received Prepare
Registering precompiled user dll's ...
Registered in 0.002482 seconds.
Begin MonoManager ReloadAssembly
Native extension for WindowsStandalone target not found
Native extension for WebGL target not found
Refreshing native plugins compatible for Editor in 0.76 ms, found 2 plugins.
Preloading 0 native plugins for Editor in 0.00 ms.
Invoked RoslynAnalysisRunner static constructor.
RoslynAnalysisRunner will not be running.
RoslynAnalysisRunner has terminated.
Mono: successfully reloaded assembly
- Completed reload, in  0.777 seconds
Platform modules already initialized, skipping
Refreshing native plugins compatible for Editor in 0.90 ms, found 2 plugins.
Preloading 0 native plugins for Editor in 0.00 ms.
Unloading 3358 Unused Serialized files (Serialized files now loaded: 0)
System memory in use before: 141.1 MB.
System memory in use after: 141.2 MB.

Unloading 17 unused Assets to reduce memory usage. Loaded Objects now: 3873.
Total: 2.469000 ms (FindLiveObjects: 0.383100 ms CreateObjectMapping: 0.085900 ms MarkObjects: 1.856500 ms  DeleteObjects: 0.142500 ms)

========================================================================
Received Import Request.
  Time since last request: 34.103407 seconds.
  path: Assets/Mobs/Script 1/WaveSpawn.cs
  artifactKey: Guid(1b6440023f1b82f439950482804036d0) Importer(815301076,1909f56bfc062723c751e8b465ee728b)
Start importing Assets/Mobs/Script 1/WaveSpawn.cs using Guid(1b6440023f1b82f439950482804036d0) Importer(815301076,1909f56bfc062723c751e8b465ee728b)  -> (artifact id: '3e29e8bf7e62a5407eb6f17c7fea2990') in 0.005545 seconds
  Import took 0.011257 seconds .

========================================================================
Received Import Request.
  Time since last request: 254.986760 seconds.
  path: Assets/Mobs/Script 1/Wave.cs
  artifactKey: Guid(1e5f26ec75db9e540bb1bc8f463fd571) Importer(815301076,1909f56bfc062723c751e8b465ee728b)
Start importing Assets/Mobs/Script 1/Wave.cs using Guid(1e5f26ec75db9e540bb1bc8f463fd571) Importer(815301076,1909f56bfc062723c751e8b465ee728b)  -> (artifact id: '3fd674c4575af7b69ca047dfcaa10a25') in 0.001716 seconds
  Import took 0.007058 seconds .

========================================================================
Received Prepare
Registering precompiled user dll's ...
Registered in 0.002503 seconds.
Begin MonoManager ReloadAssembly
Native extension for WindowsStandalone target not found
Native extension for WebGL target not found
Refreshing native plugins compatible for Editor in 0.78 ms, found 2 plugins.
Preloading 0 native plugins for Editor in 0.00 ms.
Invoked RoslynAnalysisRunner static constructor.
RoslynAnalysisRunner will not be running.
RoslynAnalysisRunner has terminated.
Mono: successfully reloaded assembly
- Completed reload, in  0.782 seconds
Platform modules already initialized, skipping
Refreshing native plugins compatible for Editor in 0.76 ms, found 2 plugins.
Preloading 0 native plugins for Editor in 0.00 ms.
Unloading 3359 Unused Serialized files (Serialized files now loaded: 0)
System memory in use before: 141.1 MB.
System memory in use after: 141.2 MB.

Unloading 17 unused Assets to reduce memory usage. Loaded Objects now: 3878.
Total: 2.468900 ms (FindLiveObjects: 0.384700 ms CreateObjectMapping: 0.100000 ms MarkObjects: 1.856700 ms  DeleteObjects: 0.126600 ms)

========================================================================
Received Prepare
Registering precompiled user dll's ...
Registered in 0.002443 seconds.
Begin MonoManager ReloadAssembly
Native extension for WindowsStandalone target not found
Native extension for WebGL target not found
Refreshing native plugins compatible for Editor in 0.81 ms, found 2 plugins.
Preloading 0 native plugins for Editor in 0.00 ms.
Invoked RoslynAnalysisRunner static constructor.
RoslynAnalysisRunner will not be running.
RoslynAnalysisRunner has terminated.
Mono: successfully reloaded assembly
- Completed reload, in  0.773 seconds
Platform modules already initialized, skipping
Refreshing native plugins compatible for Editor in 0.76 ms, found 2 plugins.
Preloading 0 native plugins for Editor in 0.00 ms.
Unloading 3359 Unused Serialized files (Serialized files now loaded: 0)
System memory in use before: 141.1 MB.
System memory in use after: 141.2 MB.

Unloading 17 unused Assets to reduce memory usage. Loaded Objects now: 3882.
Total: 2.454600 ms (FindLiveObjects: 0.356800 ms CreateObjectMapping: 0.084500 ms MarkObjects: 1.875600 ms  DeleteObjects: 0.136800 ms)

========================================================================
Received Import Request.
  Time since last request: 96.611428 seconds.
  path: Assets/Mobs/Script 1/Wave.cs
  artifactKey: Guid(1e5f26ec75db9e540bb1bc8f463fd571) Importer(815301076,1909f56bfc062723c751e8b465ee728b)
Start importing Assets/Mobs/Script 1/Wave.cs using Guid(1e5f26ec75db9e540bb1bc8f463fd571) Importer(815301076,1909f56bfc062723c751e8b465ee728b)  -> (artifact id: '3f371abe877b456374b7fce4b93a8640') in 0.005732 seconds
  Import took 0.010798 seconds .

========================================================================
Received Prepare
Registering precompiled user dll's ...
Registered in 0.002550 seconds.
Begin MonoManager ReloadAssembly
Native extension for WindowsStandalone target not found
Native extension for WebGL target not found
Refreshing native plugins compatible for Editor in 0.80 ms, found 2 plugins.
Preloading 0 native plugins for Editor in 0.00 ms.
Invoked RoslynAnalysisRunner static constructor.
RoslynAnalysisRunner will not be running.
RoslynAnalysisRunner has terminated.
Mono: successfully reloaded assembly
- Completed reload, in  0.775 seconds
Platform modules already initialized, skipping
Refreshing native plugins compatible for Editor in 0.77 ms, found 2 plugins.
Preloading 0 native plugins for Editor in 0.00 ms.
Unloading 3359 Unused Serialized files (Serialized files now loaded: 0)
System memory in use before: 141.1 MB.
System memory in use after: 141.2 MB.

Unloading 17 unused Assets to reduce memory usage. Loaded Objects now: 3886.
Total: 2.850100 ms (FindLiveObjects: 0.544200 ms CreateObjectMapping: 0.099400 ms MarkObjects: 2.065300 ms  DeleteObjects: 0.139700 ms)

========================================================================
Received Import Request.
  Time since last request: 273.650370 seconds.
  path: Assets/Mobs/Script 1/WaveSpawn.cs
  artifactKey: Guid(1b6440023f1b82f439950482804036d0) Importer(815301076,1909f56bfc062723c751e8b465ee728b)
Start importing Assets/Mobs/Script 1/WaveSpawn.cs using Guid(1b6440023f1b82f439950482804036d0) Importer(815301076,1909f56bfc062723c751e8b465ee728b)  -> (artifact id: '970d120c821c3ad130033c71724680a8') in 0.005908 seconds
  Import took 0.011237 seconds .

========================================================================
Received Import Request.
  Time since last request: 170.829697 seconds.
  path: Assets/Mobs/Paras.png
  artifactKey: Guid(38400e46a501c974d976d59dfcab541d) Importer(815301076,1909f56bfc062723c751e8b465ee728b)
Start importing Assets/Mobs/Paras.png using Guid(38400e46a501c974d976d59dfcab541d) Importer(815301076,1909f56bfc062723c751e8b465ee728b)  -> (artifact id: 'f4d33b0bdd342b987b1702894026a015') in 0.044794 seconds
  Import took 0.050577 seconds .

========================================================================
Received Import Request.
  Time since last request: 0.000208 seconds.
  path: Assets/Mobs/Virus.png
  artifactKey: Guid(838638b52021e6a44bb636622c1caef9) Importer(815301076,1909f56bfc062723c751e8b465ee728b)
Start importing Assets/Mobs/Virus.png using Guid(838638b52021e6a44bb636622c1caef9) Importer(815301076,1909f56bfc062723c751e8b465ee728b)  -> (artifact id: '5dcfac8d4c9a6e8e655fbb9fd8855211') in 0.008963 seconds
  Import took 0.013579 seconds .

========================================================================
Received Prepare
Registering precompiled user dll's ...
Registered in 0.002619 seconds.
Begin MonoManager ReloadAssembly
Native extension for WindowsStandalone target not found
Native extension for WebGL target not found
Refreshing native plugins compatible for Editor in 0.78 ms, found 2 plugins.
Preloading 0 native plugins for Editor in 0.00 ms.
Invoked RoslynAnalysisRunner static constructor.
RoslynAnalysisRunner will not be running.
RoslynAnalysisRunner has terminated.
Mono: successfully reloaded assembly
- Completed reload, in  0.771 seconds
Platform modules already initialized, skipping
Refreshing native plugins compatible for Editor in 0.77 ms, found 2 plugins.
Preloading 0 native plugins for Editor in 0.00 ms.
Unloading 3359 Unused Serialized files (Serialized files now loaded: 0)
System memory in use before: 141.1 MB.
System memory in use after: 141.2 MB.

Unloading 17 unused Assets to reduce memory usage. Loaded Objects now: 3896.
Total: 2.336700 ms (FindLiveObjects: 0.484000 ms CreateObjectMapping: 0.101200 ms MarkObjects: 1.629300 ms  DeleteObjects: 0.121100 ms)

========================================================================
Received Prepare
Registering precompiled user dll's ...
Registered in 0.002494 seconds.
Begin MonoManager ReloadAssembly
Native extension for WindowsStandalone target not found
Native extension for WebGL target not found
Refreshing native plugins compatible for Editor in 0.80 ms, found 2 plugins.
Preloading 0 native plugins for Editor in 0.00 ms.
Invoked RoslynAnalysisRunner static constructor.
RoslynAnalysisRunner will not be running.
RoslynAnalysisRunner has terminated.
Mono: successfully reloaded assembly
- Completed reload, in  0.767 seconds
Platform modules already initialized, skipping
Refreshing native plugins compatible for Editor in 0.81 ms, found 2 plugins.
Preloading 0 native plugins for Editor in 0.00 ms.
Unloading 3359 Unused Serialized files (Serialized files now loaded: 0)
System memory in use before: 141.1 MB.
System memory in use after: 141.2 MB.

Unloading 17 unused Assets to reduce memory usage. Loaded Objects now: 3900.
Total: 2.309700 ms (FindLiveObjects: 0.415100 ms CreateObjectMapping: 0.100200 ms MarkObjects: 1.671200 ms  DeleteObjects: 0.122400 ms)

AssetImportWorkerClient::OnTransportError - code=2 error=End of file
